<?xml version="1.0" encoding="UTF-8"?>
<!-- Generated by org.testng.reporters.JUnitReportReporter -->
<testsuite hostname="Maitris-MacBook-Pro.local" name="com.baublebar.testcases.CreateAccountTest" tests="1" failures="0" timestamp="9 Oct 2014 19:50:23 GMT" time="17.454" errors="0">
  <testcase name="createAccTest" time="17.454" classname="com.baublebar.testcases.CreateAccountTest"/>
</testsuite> <!-- com.baublebar.testcases.CreateAccountTest -->
